{"name":"Test03: Add and verify users","status":"failed","statusDetails":{"known":false,"muted":false,"flaky":false,"message":"expected [30] but found [2]","trace":"java.lang.AssertionError: expected [30] but found [2]\r\n\tat org.testng.Assert.fail(Assert.java:96)\r\n\tat org.testng.Assert.failNotEquals(Assert.java:776)\r\n\tat org.testng.Assert.assertEqualsImpl(Assert.java:137)\r\n\tat org.testng.Assert.assertEquals(Assert.java:118)\r\n\tat org.testng.Assert.assertEquals(Assert.java:652)\r\n\tat org.testng.Assert.assertEquals(Assert.java:662)\r\n\tat Extension.Verifications.numberOfElements(Verifications.java:28)\r\n\tat SanityTests.GrafanaWeb.test03_AddNewUserandVerifications(GrafanaWeb.java:39)\r\n\tat sun.reflect.NativeMethodAccessorImpl.invoke0(Native Method)\r\n\tat sun.reflect.NativeMethodAccessorImpl.invoke(NativeMethodAccessorImpl.java:62)\r\n\tat sun.reflect.DelegatingMethodAccessorImpl.invoke(DelegatingMethodAccessorImpl.java:43)\r\n\tat java.lang.reflect.Method.invoke(Method.java:498)\r\n\tat org.testng.internal.MethodInvocationHelper.invokeMethod(MethodInvocationHelper.java:124)\r\n\tat org.testng.internal.Invoker.invokeMethod(Invoker.java:583)\r\n\tat org.testng.internal.Invoker.invokeTestMethod(Invoker.java:719)\r\n\tat org.testng.internal.Invoker.invokeTestMethods(Invoker.java:989)\r\n\tat org.testng.internal.TestMethodWorker.invokeTestMethods(TestMethodWorker.java:125)\r\n\tat org.testng.internal.TestMethodWorker.run(TestMethodWorker.java:109)\r\n\tat org.testng.TestRunner.privateRun(TestRunner.java:648)\r\n\tat org.testng.TestRunner.run(TestRunner.java:505)\r\n\tat org.testng.SuiteRunner.runTest(SuiteRunner.java:455)\r\n\tat org.testng.SuiteRunner.runSequentially(SuiteRunner.java:450)\r\n\tat org.testng.SuiteRunner.privateRun(SuiteRunner.java:415)\r\n\tat org.testng.SuiteRunner.run(SuiteRunner.java:364)\r\n\tat org.testng.SuiteRunnerWorker.runSuite(SuiteRunnerWorker.java:52)\r\n\tat org.testng.SuiteRunnerWorker.run(SuiteRunnerWorker.java:84)\r\n\tat org.testng.TestNG.runSuitesSequentially(TestNG.java:1208)\r\n\tat org.testng.TestNG.runSuitesLocally(TestNG.java:1137)\r\n\tat org.testng.TestNG.runSuites(TestNG.java:1049)\r\n\tat org.testng.TestNG.run(TestNG.java:1017)\r\n\tat com.intellij.rt.testng.IDEARemoteTestNG.run(IDEARemoteTestNG.java:66)\r\n\tat com.intellij.rt.testng.RemoteTestNGStarter.main(RemoteTestNGStarter.java:110)\r\n"},"stage":"finished","description":"Test Description: Add a new user and verify the of users is 2","steps":[{"name":"Mouse hover to element","status":"passed","stage":"finished","steps":[],"attachments":[],"parameters":[{"name":"elem1","value":"[[ChromeDriver: chrome on XP (fdc6ac6bbc9a1d83d46d80e42eb3592a)] -> xpath: //div[@class='sidemenu-item dropdown'][6]]"},{"name":"elem2","value":"[[ChromeDriver: chrome on XP (fdc6ac6bbc9a1d83d46d80e42eb3592a)] -> css selector: a[href='/admin/users']]"}],"start":1580060220330,"stop":1580060220705},{"name":"Create a new user","status":"passed","stage":"finished","steps":[{"name":"Click on Element","status":"passed","stage":"finished","steps":[],"attachments":[],"parameters":[{"name":"elem","value":"[[ChromeDriver: chrome on XP (fdc6ac6bbc9a1d83d46d80e42eb3592a)] -> css selector: a[class='btn btn-primary']]"}],"start":1580060220743,"stop":1580060220975},{"name":"Sent test to text-field","status":"passed","stage":"finished","steps":[],"attachments":[],"parameters":[{"name":"elem","value":"[[ChromeDriver: chrome on XP (fdc6ac6bbc9a1d83d46d80e42eb3592a)] -> css selector: input[ng-model='user.name']]"},{"name":"value","value":"shiri"}],"start":1580060221038,"stop":1580060221215},{"name":"Sent test to text-field","status":"passed","stage":"finished","steps":[],"attachments":[],"parameters":[{"name":"elem","value":"[[ChromeDriver: chrome on XP (fdc6ac6bbc9a1d83d46d80e42eb3592a)] -> css selector: input[ng-model='user.email']]"},{"name":"value","value":"shiri@gmail.com"}],"start":1580060221242,"stop":1580060221501},{"name":"Sent test to text-field","status":"passed","stage":"finished","steps":[],"attachments":[],"parameters":[{"name":"elem","value":"[[ChromeDriver: chrome on XP (fdc6ac6bbc9a1d83d46d80e42eb3592a)] -> css selector: input[ng-model='user.login']]"},{"name":"value","value":"shirosh"}],"start":1580060221522,"stop":1580060221676},{"name":"Sent test to text-field","status":"passed","stage":"finished","steps":[],"attachments":[],"parameters":[{"name":"elem","value":"[[ChromeDriver: chrome on XP (fdc6ac6bbc9a1d83d46d80e42eb3592a)] -> css selector: input[ng-model='user.password']]"},{"name":"value","value":"87558"}],"start":1580060221694,"stop":1580060221830},{"name":"Click on Element","status":"passed","stage":"finished","steps":[],"attachments":[],"parameters":[{"name":"elem","value":"[[ChromeDriver: chrome on XP (fdc6ac6bbc9a1d83d46d80e42eb3592a)] -> css selector: button[ng-click='create()']]"}],"start":1580060221854,"stop":1580060222008}],"attachments":[],"parameters":[{"name":"name","value":"shiri"},{"name":"email","value":"shiri@gmail.com"},{"name":"user","value":"shirosh"},{"name":"password","value":"87558"}],"start":1580060220706,"stop":1580060222008},{"name":"Verify number of elements Equals to","status":"failed","statusDetails":{"known":false,"muted":false,"flaky":false,"message":"expected [30] but found [2]","trace":"java.lang.AssertionError: expected [30] but found [2]\r\n\tat org.testng.Assert.fail(Assert.java:96)\r\n\tat org.testng.Assert.failNotEquals(Assert.java:776)\r\n\tat org.testng.Assert.assertEqualsImpl(Assert.java:137)\r\n\tat org.testng.Assert.assertEquals(Assert.java:118)\r\n\tat org.testng.Assert.assertEquals(Assert.java:652)\r\n\tat org.testng.Assert.assertEquals(Assert.java:662)\r\n\tat Extension.Verifications.numberOfElements(Verifications.java:28)\r\n\tat SanityTests.GrafanaWeb.test03_AddNewUserandVerifications(GrafanaWeb.java:39)\r\n\tat sun.reflect.NativeMethodAccessorImpl.invoke0(Native Method)\r\n\tat sun.reflect.NativeMethodAccessorImpl.invoke(NativeMethodAccessorImpl.java:62)\r\n\tat sun.reflect.DelegatingMethodAccessorImpl.invoke(DelegatingMethodAccessorImpl.java:43)\r\n\tat java.lang.reflect.Method.invoke(Method.java:498)\r\n\tat org.testng.internal.MethodInvocationHelper.invokeMethod(MethodInvocationHelper.java:124)\r\n\tat org.testng.internal.Invoker.invokeMethod(Invoker.java:583)\r\n\tat org.testng.internal.Invoker.invokeTestMethod(Invoker.java:719)\r\n\tat org.testng.internal.Invoker.invokeTestMethods(Invoker.java:989)\r\n\tat org.testng.internal.TestMethodWorker.invokeTestMethods(TestMethodWorker.java:125)\r\n\tat org.testng.internal.TestMethodWorker.run(TestMethodWorker.java:109)\r\n\tat org.testng.TestRunner.privateRun(TestRunner.java:648)\r\n\tat org.testng.TestRunner.run(TestRunner.java:505)\r\n\tat org.testng.SuiteRunner.runTest(SuiteRunner.java:455)\r\n\tat org.testng.SuiteRunner.runSequentially(SuiteRunner.java:450)\r\n\tat org.testng.SuiteRunner.privateRun(SuiteRunner.java:415)\r\n\tat org.testng.SuiteRunner.run(SuiteRunner.java:364)\r\n\tat org.testng.SuiteRunnerWorker.runSuite(SuiteRunnerWorker.java:52)\r\n\tat org.testng.SuiteRunnerWorker.run(SuiteRunnerWorker.java:84)\r\n\tat org.testng.TestNG.runSuitesSequentially(TestNG.java:1208)\r\n\tat org.testng.TestNG.runSuitesLocally(TestNG.java:1137)\r\n\tat org.testng.TestNG.runSuites(TestNG.java:1049)\r\n\tat org.testng.TestNG.run(TestNG.java:1017)\r\n\tat com.intellij.rt.testng.IDEARemoteTestNG.run(IDEARemoteTestNG.java:66)\r\n\tat com.intellij.rt.testng.RemoteTestNGStarter.main(RemoteTestNGStarter.java:110)\r\n"},"stage":"finished","steps":[],"attachments":[],"parameters":[{"name":"elems","value":"[[[ChromeDriver: chrome on XP (fdc6ac6bbc9a1d83d46d80e42eb3592a)] -> css selector: tr[ng-repeat='user in ctrl.users']], [[ChromeDriver: chrome on XP (fdc6ac6bbc9a1d83d46d80e42eb3592a)] -> css selector: tr[ng-repeat='user in ctrl.users']]]"},{"name":"expectedValue","value":"30"}],"start":1580060222317,"stop":1580060222383}],"attachments":[{"name":"Page Screen-Shot","source":"1cd13b03-722c-4b97-8dbe-27115f070830-attachment","type":"image/png"}],"parameters":[],"start":1580060220008,"stop":1580060222833,"uuid":"dff4812f-3a8a-4d05-aa38-08ee64633fb7","historyId":"ce36ff51b30dbbb2bad7676bcb39963d","fullName":"SanityTests.GrafanaWeb.test03_AddNewUserandVerifications","labels":[{"name":"package","value":"SanityTests.GrafanaWeb"},{"name":"testClass","value":"SanityTests.GrafanaWeb"},{"name":"testMethod","value":"test03_AddNewUserandVerifications"},{"name":"parentSuite","value":"Default Suite"},{"name":"suite","value":"FullStackFinalProject"},{"name":"subSuite","value":"SanityTests.GrafanaWeb"},{"name":"host","value":"Shiri"},{"name":"thread","value":"24016@Shiri.main(1)"},{"name":"framework","value":"testng"},{"name":"language","value":"java"}],"links":[]}